In file included from [01m[K/home/antoni/gazebo_maritime_ws/src/gazebo_maritime/src/WindPlugin.hh:8[m[K,
                 from [01m[K/home/antoni/gazebo_maritime_ws/src/gazebo_maritime/src/WindPlugin.cc:1[m[K:
[01m[K/home/antoni/gazebo_maritime_ws/src/gazebo_maritime/src/WindPlugin.hh:60:5:[m[K [01;31m[Kerror: [m[Kâ€˜[01m[Kclass maritime::WindPlugin::Implementation[m[Kâ€™ redeclared with different access
   60 |     [01;31m[KGZ_UTILS_UNIQUE_IMPL_PTR[m[K(dataPtr)
      |     [01;31m[K^~~~~~~~~~~~~~~~~~~~~~~~[m[K
[01m[K/home/antoni/gazebo_maritime_ws/src/gazebo_maritime/src/WindPlugin.cc:[m[K In member function â€˜[01m[Kvoid maritime::WindPlugin::[01;32m[KLoad[m[K(const std::shared_ptr<const sdf::v14::Element>&)[m[Kâ€™:
[01m[K/home/antoni/gazebo_maritime_ws/src/gazebo_maritime/src/WindPlugin.cc:53:36:[m[K [01;31m[Kerror: [m[Kpassing â€˜[01m[Kstd::__shared_ptr_access<const sdf::v14::Element, __gnu_cxx::_S_atomic, false, false>::element_type[m[Kâ€™ {aka â€˜[01m[Kconst sdf::v14::Element[m[Kâ€™} as â€˜[01m[Kthis[m[Kâ€™ argument discards qualifiers [[01;31m[K]8;;https://gcc.gnu.org/onlinedocs/gcc/Warning-Options.html#index-fpermissive-fpermissive]8;;[m[K]
   53 |     auto sdfWind = [01;31m[K_sdf->GetElement("wind")[m[K;
      |                    [01;31m[K~~~~~~~~~~~~~~~~^~~~~~~~[m[K
In file included from [01m[K/usr/include/gz/sdformat14/sdf/Actor.hh:26[m[K,
                 from [01m[K/usr/include/gz/sdformat14/sdformat.hh:23[m[K,
                 from [01m[K/usr/include/gz/sdformat14/sdf/sdf.hh:23[m[K,
                 from [01m[K/home/antoni/gazebo_maritime_ws/src/gazebo_maritime/src/WindPlugin.hh:9[m[K:
[01m[K/usr/include/gz/sdformat14/sdf/Element.hh:645:24:[m[K [01;36m[Knote: [m[K  in call to â€˜[01m[Ksdf::v14::ElementPtr sdf::v14::Element::[01;32m[KGetElement[m[K(const std::string&)[m[Kâ€™
  645 |     public: ElementPtr [01;36m[KGetElement[m[K(const std::string &_name);
      |                        [01;36m[K^~~~~~~~~~[m[K
gmake[2]: *** [CMakeFiles/WindPlugin.dir/build.make:76: CMakeFiles/WindPlugin.dir/src/WindPlugin.cc.o] Error 1
gmake[1]: *** [CMakeFiles/Makefile2:195: CMakeFiles/WindPlugin.dir/all] Error 2
gmake: *** [Makefile:136: all] Error 2
